androidApp/build/intermediates/manifest_merge_blame_file/debug/manifest-merger-blame-debug-report.txt
1<?xml version="1.0" encoding="utf-8"?>
2<manifest xmlns:android="http://schemas.android.com/apk/res/android"
3    package="com.example.kmmapplication.androidApp"
4    android:versionCode="1"
5    android:versionName="1.0" >
6
7    <uses-sdk
8        android:minSdkVersion="24"
8-->src/main/AndroidManifest.xml
9        android:targetSdkVersion="29" />
9-->src/main/AndroidManifest.xml
10
11    <uses-permission android:name="android.permission.INTERNET" />
11-->src/main/AndroidManifest.xml:5:5-67
11-->src/main/AndroidManifest.xml:5:22-64
12
13    <application
13-->src/main/AndroidManifest.xml:6:5-17:19
14        android:allowBackup="false"
14-->src/main/AndroidManifest.xml:7:9-36
15        android:appComponentFactory="androidx.core.app.CoreComponentFactory"
15-->[androidx.core:core:1.3.2] AndroidManifest.xml:24:18-86
16        android:debuggable="true"
17        android:extractNativeLibs="false"
18        android:networkSecurityConfig="@xml/network_security_config"
18-->src/main/AndroidManifest.xml:8:9-69
19        android:supportsRtl="true"
19-->src/main/AndroidManifest.xml:9:9-35
20        android:testOnly="true"
21        android:theme="@style/AppTheme" >
21-->src/main/AndroidManifest.xml:10:9-40
22        <activity android:name="com.example.kmmapplication.androidApp.MainActivity" >
22-->src/main/AndroidManifest.xml:11:9-16:20
22-->src/main/AndroidManifest.xml:11:19-47
23            <intent-filter>
23-->src/main/AndroidManifest.xml:12:13-15:29
24                <action android:name="android.intent.action.MAIN" />
24-->src/main/AndroidManifest.xml:13:17-69
24-->src/main/AndroidManifest.xml:13:25-66
25
26                <category android:name="android.intent.category.LAUNCHER" />
26-->src/main/AndroidManifest.xml:14:17-77
26-->src/main/AndroidManifest.xml:14:27-74
27            </intent-filter>
28        </activity>
29
30        <provider
30-->[androidx.lifecycle:lifecycle-process:2.2.0] AndroidManifest.xml:25:9-29:43
31            android:name="androidx.lifecycle.ProcessLifecycleOwnerInitializer"
31-->[androidx.lifecycle:lifecycle-process:2.2.0] AndroidManifest.xml:26:13-79
32            android:authorities="com.example.kmmapplication.androidApp.lifecycle-process"
32-->[androidx.lifecycle:lifecycle-process:2.2.0] AndroidManifest.xml:27:13-69
33            android:exported="false"
33-->[androidx.lifecycle:lifecycle-process:2.2.0] AndroidManifest.xml:28:13-37
34            android:multiprocess="true" />
34-->[androidx.lifecycle:lifecycle-process:2.2.0] AndroidManifest.xml:29:13-40
35    </application>
36
37</manifest>